SF:lib\main.dart
DA:7,0
DA:8,0
DA:12,2
DA:14,1
DA:16,1
DA:17,1
DA:23,1
DA:25,1
DA:26,1
DA:37,0
DA:39,0
DA:40,0
DA:43,1
DA:45,1
DA:46,0
DA:47,1
DA:48,1
DA:49,1
DA:54,1
DA:55,1
DA:57,1
DA:58,1
DA:74,1
DA:77,1
DA:78,1
DA:91,1
DA:95,1
DA:96,0
DA:97,0
DA:98,0
DA:102,1
DA:106,1
DA:107,0
DA:108,0
DA:109,0
DA:113,1
DA:116,1
DA:117,0
DA:118,0
DA:119,0
DA:126,1
DA:127,0
DA:128,0
DA:129,0
DA:130,0
DA:131,0
DA:132,0
DA:133,0
DA:134,0
DA:136,0
DA:137,0
DA:139,0
DA:146,1
DA:147,1
DA:148,1
DA:149,1
DA:150,1
DA:154,1
DA:168,1
DA:169,0
DA:171,0
DA:173,0
DA:174,0
DA:180,0
DA:185,0
DA:186,0
DA:189,0
DA:194,0
DA:195,0
DA:199,0
DA:203,0
DA:205,0
DA:206,0
DA:208,0
DA:209,0
LF:75
LH:33
end_of_record
SF:lib\gerar_mensagem.dart
DA:4,0
DA:5,0
DA:6,0
DA:7,0
LF:4
LH:0
end_of_record
SF:lib\messages.dart
DA:21,0
DA:23,0
DA:26,0
DA:28,0
DA:31,0
LF:5
LH:0
end_of_record
SF:lib\pipeline.dart
DA:7,0
DA:8,0
DA:12,0
DA:13,0
DA:14,0
DA:19,0
DA:22,0
DA:25,0
DA:28,0
LF:9
LH:0
end_of_record
SF:lib\utils.dart
DA:21,1
DA:34,1
DA:36,1
DA:38,1
DA:39,2
DA:40,1
DA:41,1
DA:44,1
DA:45,1
DA:48,1
DA:50,3
DA:51,0
DA:52,0
LF:13
LH:11
end_of_record
SF:lib\operations.dart
DA:8,0
DA:10,0
DA:14,0
DA:15,0
DA:22,0
DA:24,0
DA:28,0
DA:29,0
DA:33,0
DA:34,0
DA:36,0
DA:38,0
DA:41,0
DA:44,0
DA:46,0
DA:48,0
DA:49,0
DA:55,0
DA:57,0
DA:60,0
DA:61,0
DA:62,0
DA:63,0
DA:64,0
DA:65,0
DA:67,0
DA:70,0
LF:27
LH:0
end_of_record
